<?xml version="1.0" encoding="UTF-8"?>
<coverage generated="1424896442">
  <project timestamp="1424896442">
    <file name="C:/xampp/htdocs/ts3min/config/application.config.php">
      <line num="5" type="stmt" count="21"/>
      <line num="6" type="stmt" count="21"/>
      <line num="7" type="stmt" count="21"/>
      <line num="8" type="stmt" count="21"/>
      <line num="9" type="stmt" count="21"/>
      <line num="10" type="stmt" count="21"/>
      <line num="11" type="stmt" count="21"/>
      <line num="12" type="stmt" count="21"/>
      <line num="21" type="stmt" count="21"/>
      <line num="22" type="stmt" count="21"/>
      <line num="23" type="stmt" count="21"/>
      <line num="29" type="stmt" count="21"/>
      <line num="30" type="stmt" count="21"/>
      <line num="55" type="stmt" count="21"/>
      <line num="70" type="stmt" count="21"/>
      <metrics loc="70" ncloc="-8" classes="0" methods="0" coveredmethods="0" conditionals="0" coveredconditionals="0" statements="15" coveredstatements="15" elements="15" coveredelements="15"/>
    </file>
    <file name="C:/xampp/htdocs/ts3min/config/autoload/global.php">
      <line num="18" type="stmt" count="17"/>
      <line num="20" type="stmt" count="17"/>
      <line num="21" type="stmt" count="17"/>
      <line num="22" type="stmt" count="17"/>
      <line num="23" type="stmt" count="17"/>
      <line num="24" type="stmt" count="17"/>
      <line num="25" type="stmt" count="17"/>
      <line num="26" type="stmt" count="17"/>
      <line num="27" type="stmt" count="17"/>
      <line num="28" type="stmt" count="17"/>
      <line num="30" type="stmt" count="17"/>
      <line num="31" type="stmt" count="17"/>
      <line num="32" type="stmt" count="17"/>
      <line num="33" type="stmt" count="17"/>
      <line num="34" type="stmt" count="17"/>
      <line num="35" type="stmt" count="17"/>
      <metrics loc="35" ncloc="24" classes="0" methods="0" coveredmethods="0" conditionals="0" coveredconditionals="0" statements="16" coveredstatements="16" elements="16" coveredelements="16"/>
    </file>
    <file name="C:/xampp/htdocs/ts3min/config/autoload/local.php">
      <line num="16" type="stmt" count="17"/>
      <line num="17" type="stmt" count="17"/>
      <line num="18" type="stmt" count="17"/>
      <line num="19" type="stmt" count="17"/>
      <line num="20" type="stmt" count="17"/>
      <line num="21" type="stmt" count="17"/>
      <metrics loc="21" ncloc="10" classes="0" methods="0" coveredmethods="0" conditionals="0" coveredconditionals="0" statements="6" coveredstatements="6" elements="6" coveredelements="6"/>
    </file>
    <package name="Application">
      <file name="C:/xampp/htdocs/ts3min/module/Application/Module.php">
        <class name="Module" namespace="Application">
          <metrics methods="3" coveredmethods="3" conditionals="0" coveredconditionals="0" statements="9" coveredstatements="9" elements="12" coveredelements="12"/>
        </class>
        <line num="17" type="method" name="onBootstrap" crap="1" count="17"/>
        <line num="19" type="stmt" count="17"/>
        <line num="20" type="stmt" count="17"/>
        <line num="21" type="stmt" count="17"/>
        <line num="22" type="stmt" count="17"/>
        <line num="24" type="method" name="getConfig" crap="1" count="17"/>
        <line num="26" type="stmt" count="17"/>
        <line num="29" type="method" name="getAutoloaderConfig" crap="1" count="17"/>
        <line num="34" type="stmt" count="17"/>
        <line num="35" type="stmt" count="17"/>
        <line num="36" type="stmt" count="17"/>
        <line num="37" type="stmt" count="17"/>
        <metrics loc="39" ncloc="32" classes="1" methods="3" coveredmethods="3" conditionals="0" coveredconditionals="0" statements="9" coveredstatements="9" elements="12" coveredelements="12"/>
      </file>
    </package>
    <file name="C:/xampp/htdocs/ts3min/module/Application/config/module.config.php">
      <line num="14" type="stmt" count="17"/>
      <line num="16" type="stmt" count="17"/>
      <line num="18" type="stmt" count="17"/>
      <line num="19" type="stmt" count="17"/>
      <line num="20" type="stmt" count="17"/>
      <line num="21" type="stmt" count="17"/>
      <line num="22" type="stmt" count="17"/>
      <line num="28" type="stmt" count="17"/>
      <line num="30" type="stmt" count="17"/>
      <line num="32" type="stmt" count="17"/>
      <line num="33" type="stmt" count="17"/>
      <line num="34" type="stmt" count="17"/>
      <line num="35" type="stmt" count="17"/>
      <line num="36" type="stmt" count="17"/>
      <line num="37" type="stmt" count="17"/>
      <line num="40" type="stmt" count="17"/>
      <line num="42" type="stmt" count="17"/>
      <line num="44" type="stmt" count="17"/>
      <line num="45" type="stmt" count="17"/>
      <line num="46" type="stmt" count="17"/>
      <line num="48" type="stmt" count="17"/>
      <line num="49" type="stmt" count="17"/>
      <line num="50" type="stmt" count="17"/>
      <line num="51" type="stmt" count="17"/>
      <line num="52" type="stmt" count="17"/>
      <line num="53" type="stmt" count="17"/>
      <line num="54" type="stmt" count="17"/>
      <line num="57" type="stmt" count="17"/>
      <line num="58" type="stmt" count="17"/>
      <line num="59" type="stmt" count="17"/>
      <line num="61" type="stmt" count="17"/>
      <line num="62" type="stmt" count="17"/>
      <line num="63" type="stmt" count="17"/>
      <line num="65" type="stmt" count="17"/>
      <line num="68" type="stmt" count="17"/>
      <line num="69" type="stmt" count="17"/>
      <line num="70" type="stmt" count="17"/>
      <line num="71" type="stmt" count="17"/>
      <line num="72" type="stmt" count="17"/>
      <line num="73" type="stmt" count="17"/>
      <line num="77" type="stmt" count="17"/>
      <line num="78" type="stmt" count="17"/>
      <line num="80" type="stmt" count="17"/>
      <line num="81" type="stmt" count="17"/>
      <line num="82" type="stmt" count="17"/>
      <line num="83" type="stmt" count="17"/>
      <line num="84" type="stmt" count="17"/>
      <line num="86" type="stmt" count="17"/>
      <line num="87" type="stmt" count="17"/>
      <line num="88" type="stmt" count="17"/>
      <line num="89" type="stmt" count="17"/>
      <line num="90" type="stmt" count="17"/>
      <line num="91" type="stmt" count="17"/>
      <line num="93" type="stmt" count="17"/>
      <line num="94" type="stmt" count="17"/>
      <line num="95" type="stmt" count="17"/>
      <line num="100" type="stmt" count="17"/>
      <line num="101" type="stmt" count="17"/>
      <line num="102" type="stmt" count="17"/>
      <line num="103" type="stmt" count="17"/>
      <metrics loc="103" ncloc="86" classes="0" methods="0" coveredmethods="0" conditionals="0" coveredconditionals="0" statements="60" coveredstatements="60" elements="60" coveredelements="60"/>
    </file>
    <file name="C:/xampp/htdocs/ts3min/module/Application/view/error/404.phtml">
      <line num="10" type="stmt" count="1"/>
      <line num="11" type="stmt" count="1"/>
      <line num="12" type="stmt" count="1"/>
      <line num="13" type="stmt" count="0"/>
      <line num="14" type="stmt" count="0"/>
      <line num="15" type="stmt" count="1"/>
      <line num="16" type="stmt" count="0"/>
      <line num="17" type="stmt" count="0"/>
      <line num="18" type="stmt" count="1"/>
      <line num="19" type="stmt" count="0"/>
      <line num="20" type="stmt" count="0"/>
      <line num="21" type="stmt" count="1"/>
      <line num="22" type="stmt" count="1"/>
      <line num="23" type="stmt" count="1"/>
      <line num="24" type="stmt" count="0"/>
      <line num="25" type="stmt" count="0"/>
      <line num="26" type="stmt" count="0"/>
      <line num="27" type="stmt" count="1"/>
      <line num="40" type="stmt" count="0"/>
      <line num="41" type="stmt" count="0"/>
      <line num="42" type="stmt" count="0"/>
      <line num="43" type="stmt" count="0"/>
      <line num="44" type="stmt" count="0"/>
      <line num="45" type="stmt" count="0"/>
      <line num="73" type="stmt" count="0"/>
      <line num="74" type="stmt" count="0"/>
      <line num="98" type="stmt" count="0"/>
      <line num="99" type="stmt" count="0"/>
      <line num="113" type="stmt" count="1"/>
      <metrics loc="112" ncloc="112" classes="0" methods="0" coveredmethods="0" conditionals="0" coveredconditionals="0" statements="28" coveredstatements="9" elements="28" coveredelements="9"/>
    </file>
    <file name="C:/xampp/htdocs/ts3min/module/Application/view/layout/login.phtml">
      <line num="11" type="stmt" count="3"/>
      <line num="12" type="stmt" count="3"/>
      <line num="13" type="stmt" count="3"/>
      <line num="14" type="stmt" count="3"/>
      <line num="15" type="stmt" count="3"/>
      <line num="16" type="stmt" count="3"/>
      <line num="17" type="stmt" count="3"/>
      <line num="18" type="stmt" count="3"/>
      <line num="19" type="stmt" count="3"/>
      <line num="35" type="stmt" count="3"/>
      <line num="36" type="stmt" count="3"/>
      <line num="37" type="stmt" count="3"/>
      <line num="38" type="stmt" count="3"/>
      <line num="39" type="stmt" count="3"/>
      <line num="41" type="stmt" count="3"/>
      <metrics loc="45" ncloc="45" classes="0" methods="0" coveredmethods="0" conditionals="0" coveredconditionals="0" statements="15" coveredstatements="15" elements="15" coveredelements="15"/>
    </file>
    <package name="TSCore">
      <file name="C:/xampp/htdocs/ts3min/module/TSCore/Module.php">
        <class name="Module" namespace="TSCore">
          <metrics methods="3" coveredmethods="3" conditionals="0" coveredconditionals="0" statements="10" coveredstatements="10" elements="13" coveredelements="13"/>
        </class>
        <line num="26" type="method" name="getAutoloaderConfig" crap="1" count="17"/>
        <line num="30" type="stmt" count="17"/>
        <line num="31" type="stmt" count="17"/>
        <line num="32" type="stmt" count="17"/>
        <line num="33" type="stmt" count="17"/>
        <line num="36" type="method" name="getConfig" crap="1" count="17"/>
        <line num="37" type="stmt" count="17"/>
        <line num="40" type="method" name="onBootstrap" crap="1" count="17"/>
        <line num="41" type="stmt" count="17"/>
        <line num="42" type="stmt" count="17"/>
        <line num="43" type="stmt" count="17"/>
        <line num="44" type="stmt" count="17"/>
        <line num="45" type="stmt" count="17"/>
        <metrics loc="47" ncloc="39" classes="1" methods="3" coveredmethods="3" conditionals="0" coveredconditionals="0" statements="10" coveredstatements="10" elements="13" coveredelements="13"/>
      </file>
    </package>
    <file name="C:/xampp/htdocs/ts3min/module/TSCore/config/module.config.php">
      <line num="6" type="stmt" count="17"/>
      <line num="7" type="stmt" count="17"/>
      <line num="9" type="stmt" count="17"/>
      <line num="10" type="stmt" count="17"/>
      <line num="11" type="stmt" count="17"/>
      <line num="12" type="stmt" count="17"/>
      <line num="13" type="stmt" count="17"/>
      <line num="17" type="stmt" count="17"/>
      <line num="18" type="stmt" count="17"/>
      <line num="19" type="stmt" count="17"/>
      <line num="20" type="stmt" count="17"/>
      <line num="24" type="stmt" count="17"/>
      <line num="25" type="stmt" count="17"/>
      <line num="26" type="stmt" count="17"/>
      <line num="27" type="stmt" count="17"/>
      <line num="28" type="stmt" count="17"/>
      <metrics loc="29" ncloc="29" classes="0" methods="0" coveredmethods="0" conditionals="0" coveredconditionals="0" statements="16" coveredstatements="16" elements="16" coveredelements="16"/>
    </file>
    <package name="TSCore\Adapter">
      <file name="C:/xampp/htdocs/ts3min/module/TSCore/src/TSCore/Adapter/Teamspeak3Adapter.php">
        <class name="Teamspeak3Adapter" namespace="TSCore\Adapter">
          <metrics methods="6" coveredmethods="6" conditionals="0" coveredconditionals="0" statements="26" coveredstatements="26" elements="32" coveredelements="32"/>
        </class>
        <line num="23" type="method" name="init" crap="5" count="5"/>
        <line num="24" type="stmt" count="5"/>
        <line num="25" type="stmt" count="3"/>
        <line num="26" type="stmt" count="3"/>
        <line num="28" type="stmt" count="5"/>
        <line num="29" type="stmt" count="3"/>
        <line num="30" type="stmt" count="3"/>
        <line num="32" type="stmt" count="5"/>
        <line num="33" type="stmt" count="2"/>
        <line num="36" type="stmt" count="3"/>
        <line num="37" type="stmt" count="1"/>
        <line num="39" type="stmt" count="2"/>
        <line num="40" type="stmt" count="2"/>
        <line num="42" type="method" name="connect" crap="1" count="2"/>
        <line num="43" type="stmt" count="2"/>
        <line num="44" type="stmt" count="2"/>
        <line num="45" type="stmt" count="2"/>
        <line num="46" type="stmt" count="2"/>
        <line num="47" type="stmt" count="2"/>
        <line num="48" type="stmt" count="2"/>
        <line num="49" type="stmt" count="1"/>
        <line num="50" type="stmt" count="1"/>
        <line num="56" type="method" name="getTeamspeak" crap="1" count="1"/>
        <line num="57" type="stmt" count="1"/>
        <line num="64" type="method" name="setTeamspeak" crap="1" count="1"/>
        <line num="65" type="stmt" count="1"/>
        <line num="66" type="stmt" count="1"/>
        <line num="68" type="method" name="getConfig" crap="1" count="3"/>
        <line num="69" type="stmt" count="3"/>
        <line num="72" type="method" name="setConfig" crap="1" count="3"/>
        <line num="73" type="stmt" count="3"/>
        <line num="74" type="stmt" count="3"/>
        <metrics loc="77" ncloc="61" classes="1" methods="6" coveredmethods="6" conditionals="0" coveredconditionals="0" statements="26" coveredstatements="26" elements="32" coveredelements="32"/>
      </file>
    </package>
    <file name="C:/xampp/htdocs/ts3min/module/TSCore/src/TSCore/Adapter/Teamspeak3AdapterInterface.php">
      <metrics loc="25" ncloc="22" classes="0" methods="0" coveredmethods="0" conditionals="0" coveredconditionals="0" statements="0" coveredstatements="0" elements="0" coveredelements="0"/>
    </file>
    <package name="TSCore\Authentication">
      <file name="C:/xampp/htdocs/ts3min/module/TSCore/src/TSCore/Authentication/ServiceFactory.php">
        <class name="ServiceFactory" namespace="TSCore\Authentication">
          <metrics methods="1" coveredmethods="1" conditionals="0" coveredconditionals="0" statements="4" coveredstatements="4" elements="5" coveredelements="5"/>
        </class>
        <line num="20" type="method" name="createService" crap="1" count="1"/>
        <line num="21" type="stmt" count="1"/>
        <line num="23" type="stmt" count="1"/>
        <line num="24" type="stmt" count="1"/>
        <line num="25" type="stmt" count="1"/>
        <metrics loc="28" ncloc="20" classes="1" methods="1" coveredmethods="1" conditionals="0" coveredconditionals="0" statements="4" coveredstatements="4" elements="5" coveredelements="5"/>
      </file>
      <file name="C:/xampp/htdocs/ts3min/module/TSCore/src/TSCore/Authentication/TS3Adapter.php">
        <class name="TS3Adapter" namespace="TSCore\Authentication">
          <metrics methods="12" coveredmethods="11" conditionals="0" coveredconditionals="0" statements="49" coveredstatements="41" elements="61" coveredelements="52"/>
        </class>
        <line num="27" type="method" name="__construct" crap="1" count="8"/>
        <line num="28" type="stmt" count="8"/>
        <line num="29" type="stmt" count="8"/>
        <line num="30" type="stmt" count="8"/>
        <line num="32" type="method" name="setConfig" crap="1" count="8"/>
        <line num="33" type="stmt" count="8"/>
        <line num="34" type="stmt" count="8"/>
        <line num="36" type="method" name="getConfig" crap="1" count="2"/>
        <line num="37" type="stmt" count="2"/>
        <line num="40" type="method" name="setTeamspeakAdapter" crap="1" count="8"/>
        <line num="41" type="stmt" count="8"/>
        <line num="42" type="stmt" count="8"/>
        <line num="49" type="method" name="getTeamspeakAdapter" crap="1" count="1"/>
        <line num="50" type="stmt" count="1"/>
        <line num="53" type="method" name="setIdentity" crap="1" count="3"/>
        <line num="54" type="stmt" count="3"/>
        <line num="55" type="stmt" count="3"/>
        <line num="58" type="method" name="getIdentity" crap="1" count="4"/>
        <line num="59" type="stmt" count="4"/>
        <line num="62" type="method" name="setCredential" crap="1" count="2"/>
        <line num="63" type="stmt" count="2"/>
        <line num="64" type="stmt" count="2"/>
        <line num="67" type="method" name="getCredential" crap="1" count="3"/>
        <line num="68" type="stmt" count="3"/>
        <line num="74" type="method" name="setupResult" crap="1" count="3"/>
        <line num="76" type="stmt" count="3"/>
        <line num="77" type="stmt" count="3"/>
        <line num="78" type="stmt" count="3"/>
        <line num="79" type="stmt" count="3"/>
        <line num="80" type="stmt" count="3"/>
        <line num="82" type="stmt" count="3"/>
        <line num="90" type="method" name="createResult" crap="1" count="3"/>
        <line num="91" type="stmt" count="3"/>
        <line num="92" type="stmt" count="3"/>
        <line num="93" type="stmt" count="3"/>
        <line num="94" type="stmt" count="3"/>
        <line num="95" type="stmt" count="3"/>
        <line num="98" type="method" name="authenticate" crap="4.67" count="3"/>
        <line num="99" type="stmt" count="3"/>
        <line num="101" type="stmt" count="3"/>
        <line num="102" type="stmt" count="1"/>
        <line num="103" type="stmt" count="1"/>
        <line num="106" type="stmt" count="2"/>
        <line num="107" type="stmt" count="1"/>
        <line num="108" type="stmt" count="1"/>
        <line num="112" type="stmt" count="1"/>
        <line num="113" type="stmt" count="1"/>
        <line num="114" type="stmt" count="1"/>
        <line num="115" type="stmt" count="1"/>
        <line num="116" type="stmt" count="0"/>
        <line num="117" type="stmt" count="1"/>
        <line num="118" type="stmt" count="1"/>
        <line num="119" type="stmt" count="1"/>
        <line num="120" type="stmt" count="1"/>
        <line num="123" type="stmt" count="0"/>
        <line num="124" type="stmt" count="0"/>
        <line num="125" type="stmt" count="0"/>
        <line num="127" type="stmt" count="0"/>
        <line num="128" type="stmt" count="0"/>
        <line num="129" type="stmt" count="0"/>
        <line num="131" type="stmt" count="0"/>
        <metrics loc="134" ncloc="112" classes="1" methods="12" coveredmethods="11" conditionals="0" coveredconditionals="0" statements="49" coveredstatements="41" elements="61" coveredelements="52"/>
      </file>
      <file name="C:/xampp/htdocs/ts3min/module/TSCore/src/TSCore/Authentication/TS3AdapterFactory.php">
        <class name="TS3AdapterFactory" namespace="TSCore\Authentication">
          <metrics methods="1" coveredmethods="1" conditionals="0" coveredconditionals="0" statements="5" coveredstatements="5" elements="6" coveredelements="6"/>
        </class>
        <line num="19" type="method" name="createService" crap="2" count="8"/>
        <line num="20" type="stmt" count="8"/>
        <line num="21" type="stmt" count="8"/>
        <line num="22" type="stmt" count="8"/>
        <line num="23" type="stmt" count="8"/>
        <line num="24" type="stmt" count="8"/>
        <metrics loc="27" ncloc="19" classes="1" methods="1" coveredmethods="1" conditionals="0" coveredconditionals="0" statements="5" coveredstatements="5" elements="6" coveredelements="6"/>
      </file>
    </package>
    <package name="TSCore\Entity">
      <file name="C:/xampp/htdocs/ts3min/module/TSCore/src/TSCore/Entity/ServerEntity.php">
        <class name="ServerEntity" namespace="TSCore\Entity">
          <metrics methods="12" coveredmethods="12" conditionals="0" coveredconditionals="0" statements="27" coveredstatements="27" elements="39" coveredelements="39"/>
        </class>
        <line num="42" type="method" name="setServerID" crap="1" count="2"/>
        <line num="43" type="stmt" count="2"/>
        <line num="44" type="stmt" count="2"/>
        <line num="47" type="method" name="getServerID" crap="1" count="1"/>
        <line num="48" type="stmt" count="1"/>
        <line num="51" type="method" name="setServer" crap="1" count="1"/>
        <line num="52" type="stmt" count="1"/>
        <line num="53" type="stmt" count="1"/>
        <line num="56" type="method" name="getServer" crap="1" count="1"/>
        <line num="57" type="stmt" count="1"/>
        <line num="60" type="method" name="setPort" crap="1" count="1"/>
        <line num="61" type="stmt" count="1"/>
        <line num="62" type="stmt" count="1"/>
        <line num="64" type="method" name="getPort" crap="1" count="1"/>
        <line num="65" type="stmt" count="1"/>
        <line num="68" type="method" name="setUsername" crap="1" count="1"/>
        <line num="69" type="stmt" count="1"/>
        <line num="70" type="stmt" count="1"/>
        <line num="73" type="method" name="getUsername" crap="1" count="1"/>
        <line num="74" type="stmt" count="1"/>
        <line num="77" type="method" name="setPassword" crap="1" count="1"/>
        <line num="78" type="stmt" count="1"/>
        <line num="79" type="stmt" count="1"/>
        <line num="81" type="method" name="getPassword" crap="1" count="1"/>
        <line num="82" type="stmt" count="1"/>
        <line num="85" type="method" name="exchangeArray" crap="4" count="1"/>
        <line num="86" type="stmt" count="1"/>
        <line num="87" type="stmt" count="1"/>
        <line num="88" type="stmt" count="1"/>
        <line num="90" type="stmt" count="1"/>
        <line num="91" type="stmt" count="1"/>
        <line num="92" type="stmt" count="1"/>
        <line num="93" type="stmt" count="1"/>
        <line num="94" type="stmt" count="1"/>
        <line num="96" type="stmt" count="1"/>
        <line num="97" type="stmt" count="1"/>
        <line num="98" type="stmt" count="1"/>
        <line num="100" type="method" name="getArrayCopy" crap="1" count="1"/>
        <line num="101" type="stmt" count="1"/>
        <metrics loc="103" ncloc="82" classes="1" methods="12" coveredmethods="12" conditionals="0" coveredconditionals="0" statements="27" coveredstatements="27" elements="39" coveredelements="39"/>
      </file>
    </package>
    <file name="C:/xampp/htdocs/ts3min/module/TSCore/src/TSCore/Entity/ServerEntityInterface.php">
      <metrics loc="29" ncloc="24" classes="0" methods="0" coveredmethods="0" conditionals="0" coveredconditionals="0" statements="0" coveredstatements="0" elements="0" coveredelements="0"/>
    </file>
    <package name="User">
      <file name="C:/xampp/htdocs/ts3min/module/User/Module.php">
        <class name="Module" namespace="User">
          <metrics methods="4" coveredmethods="4" conditionals="0" coveredconditionals="0" statements="18" coveredstatements="18" elements="22" coveredelements="22"/>
        </class>
        <line num="30" type="method" name="getAutoloaderConfig" crap="1" count="17"/>
        <line num="34" type="stmt" count="17"/>
        <line num="35" type="stmt" count="17"/>
        <line num="36" type="stmt" count="17"/>
        <line num="37" type="stmt" count="17"/>
        <line num="40" type="method" name="getConfig" crap="1" count="17"/>
        <line num="41" type="stmt" count="17"/>
        <line num="44" type="method" name="onBootstrap" crap="2" count="17"/>
        <line num="45" type="stmt" count="17"/>
        <line num="46" type="stmt" count="17"/>
        <line num="47" type="stmt" count="17"/>
        <line num="48" type="stmt" count="17"/>
        <line num="49" type="stmt" count="17"/>
        <line num="51" type="stmt" count="17"/>
        <line num="52" type="stmt" count="17"/>
        <line num="53" type="stmt" count="17"/>
        <line num="55" type="method" name="onFormSet" crap="1" count="2"/>
        <line num="56" type="stmt" count="2"/>
        <line num="57" type="stmt" count="2"/>
        <line num="58" type="stmt" count="2"/>
        <line num="59" type="stmt" count="2"/>
        <line num="60" type="stmt" count="2"/>
        <metrics loc="62" ncloc="53" classes="1" methods="4" coveredmethods="4" conditionals="0" coveredconditionals="0" statements="18" coveredstatements="18" elements="22" coveredelements="22"/>
      </file>
    </package>
    <file name="C:/xampp/htdocs/ts3min/module/User/config/module.config.php">
      <line num="7" type="stmt" count="17"/>
      <line num="9" type="stmt" count="17"/>
      <line num="11" type="stmt" count="17"/>
      <line num="12" type="stmt" count="17"/>
      <line num="13" type="stmt" count="17"/>
      <line num="14" type="stmt" count="17"/>
      <line num="15" type="stmt" count="17"/>
      <line num="18" type="stmt" count="17"/>
      <line num="20" type="stmt" count="17"/>
      <line num="22" type="stmt" count="17"/>
      <line num="23" type="stmt" count="17"/>
      <line num="24" type="stmt" count="17"/>
      <line num="25" type="stmt" count="17"/>
      <line num="26" type="stmt" count="17"/>
      <line num="27" type="stmt" count="17"/>
      <line num="28" type="stmt" count="17"/>
      <line num="29" type="stmt" count="17"/>
      <line num="30" type="stmt" count="17"/>
      <line num="33" type="stmt" count="17"/>
      <line num="34" type="stmt" count="17"/>
      <line num="35" type="stmt" count="17"/>
      <line num="36" type="stmt" count="17"/>
      <line num="38" type="stmt" count="17"/>
      <line num="39" type="stmt" count="17"/>
      <line num="40" type="stmt" count="17"/>
      <line num="44" type="stmt" count="17"/>
      <line num="45" type="stmt" count="17"/>
      <line num="46" type="stmt" count="17"/>
      <line num="47" type="stmt" count="17"/>
      <line num="51" type="stmt" count="17"/>
      <line num="52" type="stmt" count="17"/>
      <line num="53" type="stmt" count="17"/>
      <line num="54" type="stmt" count="17"/>
      <line num="57" type="stmt" count="17"/>
      <line num="58" type="stmt" count="17"/>
      <line num="59" type="stmt" count="17"/>
      <line num="62" type="stmt" count="17"/>
      <line num="63" type="stmt" count="17"/>
      <line num="64" type="stmt" count="17"/>
      <line num="68" type="stmt" count="17"/>
      <line num="69" type="stmt" count="17"/>
      <line num="70" type="stmt" count="17"/>
      <line num="74" type="stmt" count="17"/>
      <line num="75" type="stmt" count="17"/>
      <line num="76" type="stmt" count="17"/>
      <line num="77" type="stmt" count="17"/>
      <line num="78" type="stmt" count="17"/>
      <line num="84" type="stmt" count="17"/>
      <line num="86" type="stmt" count="17"/>
      <line num="87" type="stmt" count="17"/>
      <line num="88" type="stmt" count="17"/>
      <line num="89" type="stmt" count="17"/>
      <line num="90" type="stmt" count="17"/>
      <line num="91" type="stmt" count="17"/>
      <line num="92" type="stmt" count="17"/>
      <line num="93" type="stmt" count="17"/>
      <line num="94" type="stmt" count="17"/>
      <metrics loc="95" ncloc="91" classes="0" methods="0" coveredmethods="0" conditionals="0" coveredconditionals="0" statements="57" coveredstatements="57" elements="57" coveredelements="57"/>
    </file>
    <package name="User\Acl">
      <file name="C:/xampp/htdocs/ts3min/module/User/src/User/Acl/Service.php">
        <class name="Service" namespace="User\Acl">
          <metrics methods="9" coveredmethods="9" conditionals="0" coveredconditionals="0" statements="34" coveredstatements="34" elements="43" coveredelements="43"/>
        </class>
        <line num="22" type="method" name="__construct" crap="1" count="9"/>
        <line num="23" type="stmt" count="9"/>
        <line num="24" type="stmt" count="9"/>
        <line num="25" type="stmt" count="9"/>
        <line num="27" type="method" name="getRole" crap="1" count="5"/>
        <line num="28" type="stmt" count="5"/>
        <line num="31" type="method" name="setRole" crap="1" count="9"/>
        <line num="32" type="stmt" count="9"/>
        <line num="33" type="stmt" count="9"/>
        <line num="36" type="method" name="setConfig" crap="1" count="9"/>
        <line num="37" type="stmt" count="9"/>
        <line num="38" type="stmt" count="9"/>
        <line num="41" type="method" name="getConfig" crap="1" count="1"/>
        <line num="42" type="stmt" count="1"/>
        <line num="45" type="method" name="setAcl" crap="1" count="9"/>
        <line num="46" type="stmt" count="9"/>
        <line num="47" type="stmt" count="9"/>
        <line num="50" type="method" name="getAcl" crap="1" count="5"/>
        <line num="51" type="stmt" count="5"/>
        <line num="54" type="method" name="buildAcl" crap="5" count="9"/>
        <line num="56" type="stmt" count="9"/>
        <line num="57" type="stmt" count="9"/>
        <line num="58" type="stmt" count="9"/>
        <line num="59" type="stmt" count="9"/>
        <line num="62" type="stmt" count="9"/>
        <line num="64" type="stmt" count="8"/>
        <line num="66" type="stmt" count="8"/>
        <line num="67" type="stmt" count="8"/>
        <line num="68" type="stmt" count="8"/>
        <line num="71" type="stmt" count="8"/>
        <line num="74" type="stmt" count="8"/>
        <line num="75" type="stmt" count="8"/>
        <line num="76" type="stmt" count="8"/>
        <line num="77" type="stmt" count="9"/>
        <line num="80" type="stmt" count="9"/>
        <line num="83" type="method" name="isAllowed" crap="4" count="3"/>
        <line num="85" type="stmt" count="3"/>
        <line num="86" type="stmt" count="3"/>
        <line num="90" type="stmt" count="1"/>
        <line num="91" type="stmt" count="1"/>
        <line num="95" type="stmt" count="1"/>
        <line num="96" type="stmt" count="1"/>
        <line num="97" type="stmt" count="1"/>
        <metrics loc="99" ncloc="71" classes="1" methods="9" coveredmethods="9" conditionals="0" coveredconditionals="0" statements="34" coveredstatements="34" elements="43" coveredelements="43"/>
      </file>
      <file name="C:/xampp/htdocs/ts3min/module/User/src/User/Acl/ServiceFactory.php">
        <class name="ServiceFactory" namespace="User\Acl">
          <metrics methods="1" coveredmethods="0" conditionals="0" coveredconditionals="0" statements="8" coveredstatements="6" elements="9" coveredelements="6"/>
        </class>
        <line num="19" type="method" name="createService" crap="3.14" count="3"/>
        <line num="20" type="stmt" count="3"/>
        <line num="21" type="stmt" count="3"/>
        <line num="22" type="stmt" count="0"/>
        <line num="23" type="stmt" count="0"/>
        <line num="24" type="stmt" count="3"/>
        <line num="25" type="stmt" count="3"/>
        <line num="26" type="stmt" count="3"/>
        <line num="27" type="stmt" count="3"/>
        <metrics loc="30" ncloc="22" classes="1" methods="1" coveredmethods="0" conditionals="0" coveredconditionals="0" statements="8" coveredstatements="6" elements="9" coveredelements="6"/>
      </file>
    </package>
    <package name="User\Authentication">
      <file name="C:/xampp/htdocs/ts3min/module/User/src/User/Authentication/BcryptAdapter.php">
        <class name="BcryptAdapter" namespace="User\Authentication">
          <metrics methods="12" coveredmethods="11" conditionals="0" coveredconditionals="0" statements="50" coveredstatements="46" elements="62" coveredelements="57"/>
        </class>
        <line num="27" type="method" name="__construct" crap="1" count="8"/>
        <line num="28" type="stmt" count="8"/>
        <line num="29" type="stmt" count="8"/>
        <line num="30" type="stmt" count="8"/>
        <line num="32" type="method" name="setBcrypt" crap="1" count="8"/>
        <line num="33" type="stmt" count="8"/>
        <line num="34" type="stmt" count="8"/>
        <line num="41" type="method" name="getBcrypt" crap="1" count="1"/>
        <line num="42" type="stmt" count="1"/>
        <line num="46" type="method" name="setEntityRepository" crap="1" count="8"/>
        <line num="47" type="stmt" count="8"/>
        <line num="48" type="stmt" count="8"/>
        <line num="55" type="method" name="getEntityRepositoryr" crap="1" count="2"/>
        <line num="56" type="stmt" count="2"/>
        <line num="59" type="method" name="setIdentity" crap="1" count="2"/>
        <line num="60" type="stmt" count="2"/>
        <line num="61" type="stmt" count="2"/>
        <line num="64" type="method" name="getIdentity" crap="1" count="2"/>
        <line num="65" type="stmt" count="2"/>
        <line num="68" type="method" name="setCredential" crap="1" count="2"/>
        <line num="69" type="stmt" count="2"/>
        <line num="70" type="stmt" count="2"/>
        <line num="73" type="method" name="getCredential" crap="1" count="2"/>
        <line num="74" type="stmt" count="2"/>
        <line num="80" type="method" name="setupResult" crap="1" count="1"/>
        <line num="82" type="stmt" count="1"/>
        <line num="83" type="stmt" count="1"/>
        <line num="84" type="stmt" count="1"/>
        <line num="85" type="stmt" count="1"/>
        <line num="86" type="stmt" count="1"/>
        <line num="88" type="stmt" count="1"/>
        <line num="96" type="method" name="createResult" crap="1" count="1"/>
        <line num="97" type="stmt" count="1"/>
        <line num="98" type="stmt" count="1"/>
        <line num="99" type="stmt" count="1"/>
        <line num="100" type="stmt" count="1"/>
        <line num="101" type="stmt" count="1"/>
        <line num="104" type="method" name="authenticate" crap="5.12" count="1"/>
        <line num="105" type="stmt" count="1"/>
        <line num="107" type="stmt" count="1"/>
        <line num="108" type="stmt" count="1"/>
        <line num="109" type="stmt" count="1"/>
        <line num="112" type="stmt" count="1"/>
        <line num="113" type="stmt" count="1"/>
        <line num="114" type="stmt" count="1"/>
        <line num="117" type="stmt" count="1"/>
        <line num="118" type="stmt" count="1"/>
        <line num="119" type="stmt" count="1"/>
        <line num="120" type="stmt" count="1"/>
        <line num="121" type="stmt" count="1"/>
        <line num="122" type="stmt" count="1"/>
        <line num="124" type="stmt" count="1"/>
        <line num="125" type="stmt" count="1"/>
        <line num="126" type="stmt" count="1"/>
        <line num="128" type="stmt" count="1"/>
        <line num="129" type="stmt" count="1"/>
        <line num="130" type="stmt" count="1"/>
        <line num="131" type="stmt" count="1"/>
        <line num="134" type="stmt" count="0"/>
        <line num="135" type="stmt" count="0"/>
        <line num="136" type="stmt" count="0"/>
        <line num="138" type="stmt" count="0"/>
        <metrics loc="141" ncloc="115" classes="1" methods="12" coveredmethods="11" conditionals="0" coveredconditionals="0" statements="50" coveredstatements="46" elements="62" coveredelements="57"/>
      </file>
      <file name="C:/xampp/htdocs/ts3min/module/User/src/User/Authentication/BcryptAdapterFactory.php">
        <class name="BcryptAdapterFactory" namespace="User\Authentication">
          <metrics methods="1" coveredmethods="1" conditionals="0" coveredconditionals="0" statements="5" coveredstatements="5" elements="6" coveredelements="6"/>
        </class>
        <line num="19" type="method" name="createService" crap="1" count="8"/>
        <line num="20" type="stmt" count="8"/>
        <line num="21" type="stmt" count="8"/>
        <line num="23" type="stmt" count="8"/>
        <line num="24" type="stmt" count="8"/>
        <line num="25" type="stmt" count="8"/>
        <metrics loc="28" ncloc="20" classes="1" methods="1" coveredmethods="1" conditionals="0" coveredconditionals="0" statements="5" coveredstatements="5" elements="6" coveredelements="6"/>
      </file>
      <file name="C:/xampp/htdocs/ts3min/module/User/src/User/Authentication/ServiceFactory.php">
        <class name="ServiceFactory" namespace="User\Authentication">
          <metrics methods="1" coveredmethods="1" conditionals="0" coveredconditionals="0" statements="4" coveredstatements="4" elements="5" coveredelements="5"/>
        </class>
        <line num="19" type="method" name="createService" crap="1" count="4"/>
        <line num="20" type="stmt" count="4"/>
        <line num="22" type="stmt" count="4"/>
        <line num="23" type="stmt" count="4"/>
        <line num="24" type="stmt" count="4"/>
        <metrics loc="27" ncloc="19" classes="1" methods="1" coveredmethods="1" conditionals="0" coveredconditionals="0" statements="4" coveredstatements="4" elements="5" coveredelements="5"/>
      </file>
    </package>
    <package name="User\Controller">
      <file name="C:/xampp/htdocs/ts3min/module/User/src/User/Controller/UserController.php">
        <class name="UserController" namespace="User\Controller">
          <metrics methods="8" coveredmethods="4" conditionals="0" coveredconditionals="0" statements="35" coveredstatements="9" elements="43" coveredelements="13"/>
        </class>
        <line num="25" type="method" name="__construct" crap="1" count="3"/>
        <line num="26" type="stmt" count="3"/>
        <line num="27" type="stmt" count="3"/>
        <line num="29" type="method" name="setUserService" crap="1" count="3"/>
        <line num="30" type="stmt" count="3"/>
        <line num="31" type="stmt" count="3"/>
        <line num="34" type="method" name="getUserService" crap="1" count="3"/>
        <line num="35" type="stmt" count="3"/>
        <line num="38" type="method" name="indexAction" crap="6" count="0"/>
        <line num="39" type="stmt" count="0"/>
        <line num="41" type="stmt" count="0"/>
        <line num="42" type="stmt" count="0"/>
        <line num="43" type="stmt" count="0"/>
        <line num="45" type="stmt" count="0"/>
        <line num="48" type="method" name="loginAction" crap="1" count="2"/>
        <line num="49" type="stmt" count="2"/>
        <line num="50" type="stmt" count="2"/>
        <line num="52" type="stmt" count="2"/>
        <line num="53" type="stmt" count="2"/>
        <line num="56" type="method" name="logoutAction" crap="2" count="0"/>
        <line num="57" type="stmt" count="0"/>
        <line num="60" type="method" name="updateAction" crap="20" count="0"/>
        <line num="61" type="stmt" count="0"/>
        <line num="62" type="stmt" count="0"/>
        <line num="65" type="stmt" count="0"/>
        <line num="67" type="stmt" count="0"/>
        <line num="68" type="stmt" count="0"/>
        <line num="69" type="stmt" count="0"/>
        <line num="70" type="stmt" count="0"/>
        <line num="71" type="stmt" count="0"/>
        <line num="72" type="stmt" count="0"/>
        <line num="73" type="stmt" count="0"/>
        <line num="74" type="stmt" count="0"/>
        <line num="75" type="stmt" count="0"/>
        <line num="78" type="stmt" count="0"/>
        <line num="79" type="stmt" count="0"/>
        <line num="80" type="stmt" count="0"/>
        <line num="84" type="stmt" count="0"/>
        <line num="86" type="method" name="forbiddenAction" crap="6" count="0"/>
        <line num="87" type="stmt" count="0"/>
        <line num="88" type="stmt" count="0"/>
        <line num="89" type="stmt" count="0"/>
        <line num="90" type="stmt" count="0"/>
        <metrics loc="92" ncloc="85" classes="1" methods="8" coveredmethods="4" conditionals="0" coveredconditionals="0" statements="35" coveredstatements="9" elements="43" coveredelements="13"/>
      </file>
      <file name="C:/xampp/htdocs/ts3min/module/User/src/User/Controller/UserControllerFactory.php">
        <class name="UserControllerFactory" namespace="User\Controller">
          <metrics methods="1" coveredmethods="1" conditionals="0" coveredconditionals="0" statements="4" coveredstatements="4" elements="5" coveredelements="5"/>
        </class>
        <line num="17" type="method" name="createService" crap="1" count="2"/>
        <line num="18" type="stmt" count="2"/>
        <line num="20" type="stmt" count="2"/>
        <line num="22" type="stmt" count="2"/>
        <line num="24" type="stmt" count="2"/>
        <metrics loc="27" ncloc="22" classes="1" methods="1" coveredmethods="1" conditionals="0" coveredconditionals="0" statements="4" coveredstatements="4" elements="5" coveredelements="5"/>
      </file>
    </package>
    <package name="User\Entity">
      <file name="C:/xampp/htdocs/ts3min/module/User/src/User/Entity/UserEntity.php">
        <class name="UserEntity" namespace="User\Entity">
          <metrics methods="10" coveredmethods="9" conditionals="0" coveredconditionals="0" statements="24" coveredstatements="22" elements="34" coveredelements="31"/>
        </class>
        <line num="36" type="method" name="exchangeArray" crap="4" count="1"/>
        <line num="37" type="stmt" count="1"/>
        <line num="38" type="stmt" count="1"/>
        <line num="39" type="stmt" count="1"/>
        <line num="41" type="stmt" count="1"/>
        <line num="42" type="stmt" count="1"/>
        <line num="43" type="stmt" count="1"/>
        <line num="44" type="stmt" count="1"/>
        <line num="45" type="stmt" count="1"/>
        <line num="47" type="stmt" count="1"/>
        <line num="48" type="stmt" count="1"/>
        <line num="49" type="stmt" count="1"/>
        <line num="51" type="method" name="getArrayCopy" crap="1" count="1"/>
        <line num="52" type="stmt" count="1"/>
        <line num="55" type="method" name="getPassword" crap="1" count="2"/>
        <line num="56" type="stmt" count="2"/>
        <line num="59" type="method" name="getUsername" crap="1" count="1"/>
        <line num="60" type="stmt" count="1"/>
        <line num="63" type="method" name="setPassword" crap="1" count="1"/>
        <line num="64" type="stmt" count="1"/>
        <line num="65" type="stmt" count="1"/>
        <line num="68" type="method" name="setUsername" crap="1" count="2"/>
        <line num="69" type="stmt" count="2"/>
        <line num="70" type="stmt" count="2"/>
        <line num="73" type="method" name="getId" crap="1" count="1"/>
        <line num="74" type="stmt" count="1"/>
        <line num="77" type="method" name="setId" crap="1" count="1"/>
        <line num="78" type="stmt" count="1"/>
        <line num="79" type="stmt" count="1"/>
        <line num="82" type="method" name="setSalt" crap="2" count="0"/>
        <line num="83" type="stmt" count="0"/>
        <line num="84" type="stmt" count="0"/>
        <line num="87" type="method" name="getSalt" crap="1" count="1"/>
        <line num="88" type="stmt" count="1"/>
        <metrics loc="91" ncloc="71" classes="1" methods="10" coveredmethods="9" conditionals="0" coveredconditionals="0" statements="24" coveredstatements="22" elements="34" coveredelements="31"/>
      </file>
    </package>
    <file name="C:/xampp/htdocs/ts3min/module/User/src/User/Entity/UserEntityInterface.php">
      <metrics loc="16" ncloc="16" classes="0" methods="0" coveredmethods="0" conditionals="0" coveredconditionals="0" statements="0" coveredstatements="0" elements="0" coveredelements="0"/>
    </file>
    <package name="User\Form">
      <file name="C:/xampp/htdocs/ts3min/module/User/src/User/Form/LoginFormFactory.php">
        <class name="LoginFormFactory" namespace="User\Form">
          <metrics methods="1" coveredmethods="1" conditionals="0" coveredconditionals="0" statements="5" coveredstatements="5" elements="6" coveredelements="6"/>
        </class>
        <line num="16" type="method" name="createService" crap="1" count="2"/>
        <line num="17" type="stmt" count="2"/>
        <line num="18" type="stmt" count="2"/>
        <line num="19" type="stmt" count="2"/>
        <line num="20" type="stmt" count="2"/>
        <line num="22" type="stmt" count="2"/>
        <metrics loc="25" ncloc="20" classes="1" methods="1" coveredmethods="1" conditionals="0" coveredconditionals="0" statements="5" coveredstatements="5" elements="6" coveredelements="6"/>
      </file>
      <file name="C:/xampp/htdocs/ts3min/module/User/src/User/Form/UserForm.php">
        <class name="UserForm" namespace="User\Form">
          <metrics methods="4" coveredmethods="3" conditionals="0" coveredconditionals="0" statements="16" coveredstatements="13" elements="20" coveredelements="16"/>
        </class>
        <line num="19" type="method" name="addCsrfElement" crap="2" count="0"/>
        <line num="20" type="stmt" count="0"/>
        <line num="21" type="stmt" count="0"/>
        <line num="22" type="stmt" count="0"/>
        <line num="24" type="method" name="addUsernameElement" crap="1" count="2"/>
        <line num="25" type="stmt" count="2"/>
        <line num="26" type="stmt" count="2"/>
        <line num="27" type="stmt" count="2"/>
        <line num="28" type="stmt" count="2"/>
        <line num="30" type="method" name="addPasswordElement" crap="1" count="2"/>
        <line num="31" type="stmt" count="2"/>
        <line num="32" type="stmt" count="2"/>
        <line num="33" type="stmt" count="2"/>
        <line num="34" type="stmt" count="2"/>
        <line num="36" type="method" name="addSubmitElement" crap="1" count="2"/>
        <line num="37" type="stmt" count="2"/>
        <line num="38" type="stmt" count="2"/>
        <line num="39" type="stmt" count="2"/>
        <line num="40" type="stmt" count="2"/>
        <line num="41" type="stmt" count="2"/>
        <metrics loc="42" ncloc="37" classes="1" methods="4" coveredmethods="3" conditionals="0" coveredconditionals="0" statements="16" coveredstatements="13" elements="20" coveredelements="16"/>
      </file>
    </package>
    <package name="User\Listener">
      <file name="C:/xampp/htdocs/ts3min/module/User/src/User/Listener/UserListener.php">
        <class name="UserListener" namespace="User\Listener">
          <metrics methods="5" coveredmethods="3" conditionals="0" coveredconditionals="0" statements="48" coveredstatements="39" elements="53" coveredelements="42"/>
        </class>
        <line num="25" type="method" name="attach" crap="1" count="17"/>
        <line num="26" type="stmt" count="17"/>
        <line num="27" type="stmt" count="17"/>
        <line num="28" type="stmt" count="17"/>
        <line num="30" type="stmt" count="17"/>
        <line num="31" type="stmt" count="17"/>
        <line num="32" type="stmt" count="17"/>
        <line num="34" type="stmt" count="17"/>
        <line num="35" type="stmt" count="17"/>
        <line num="36" type="stmt" count="17"/>
        <line num="37" type="stmt" count="17"/>
        <line num="39" type="method" name="detach" crap="12" count="0"/>
        <line num="40" type="stmt" count="0"/>
        <line num="41" type="stmt" count="0"/>
        <line num="42" type="stmt" count="0"/>
        <line num="43" type="stmt" count="0"/>
        <line num="44" type="stmt" count="0"/>
        <line num="45" type="stmt" count="0"/>
        <line num="52" type="method" name="checkAcl" crap="4.07" count="2"/>
        <line num="55" type="stmt" count="2"/>
        <line num="56" type="stmt" count="2"/>
        <line num="57" type="stmt" count="2"/>
        <line num="58" type="stmt" count="2"/>
        <line num="59" type="stmt" count="2"/>
        <line num="60" type="stmt" count="2"/>
        <line num="67" type="stmt" count="2"/>
        <line num="68" type="stmt" count="2"/>
        <line num="69" type="stmt" count="0"/>
        <line num="73" type="stmt" count="2"/>
        <line num="75" type="stmt" count="2"/>
        <line num="76" type="stmt" count="2"/>
        <line num="77" type="stmt" count="2"/>
        <line num="78" type="stmt" count="2"/>
        <line num="79" type="stmt" count="0"/>
        <line num="80" type="stmt" count="0"/>
        <line num="82" type="stmt" count="2"/>
        <line num="84" type="stmt" count="2"/>
        <line num="86" type="method" name="addAclToNavigation" crap="1" count="3"/>
        <line num="88" type="stmt" count="3"/>
        <line num="89" type="stmt" count="3"/>
        <line num="90" type="stmt" count="3"/>
        <line num="93" type="stmt" count="3"/>
        <line num="94" type="stmt" count="3"/>
        <line num="95" type="stmt" count="3"/>
        <line num="96" type="stmt" count="3"/>
        <line num="98" type="method" name="changeLayout" crap="2" count="1"/>
        <line num="100" type="stmt" count="1"/>
        <line num="102" type="stmt" count="1"/>
        <line num="103" type="stmt" count="1"/>
        <line num="105" type="stmt" count="1"/>
        <line num="106" type="stmt" count="1"/>
        <line num="107" type="stmt" count="1"/>
        <line num="108" type="stmt" count="1"/>
        <metrics loc="109" ncloc="79" classes="1" methods="5" coveredmethods="3" conditionals="0" coveredconditionals="0" statements="48" coveredstatements="39" elements="53" coveredelements="42"/>
      </file>
    </package>
    <package name="User\Service">
      <file name="C:/xampp/htdocs/ts3min/module/User/src/User/Service/UserService.php">
        <class name="UserService" namespace="User\Service">
          <metrics methods="12" coveredmethods="9" conditionals="0" coveredconditionals="0" statements="52" coveredstatements="21" elements="64" coveredelements="30"/>
        </class>
        <line num="29" type="method" name="__construct" crap="1" count="4"/>
        <line num="30" type="stmt" count="4"/>
        <line num="31" type="stmt" count="4"/>
        <line num="32" type="stmt" count="4"/>
        <line num="37" type="method" name="getEntityManager" crap="1" count="1"/>
        <line num="38" type="stmt" count="1"/>
        <line num="41" type="method" name="setEntityManager" crap="1" count="4"/>
        <line num="42" type="stmt" count="4"/>
        <line num="43" type="stmt" count="4"/>
        <line num="50" type="method" name="getAuthentication" crap="1" count="1"/>
        <line num="51" type="stmt" count="1"/>
        <line num="54" type="method" name="setAuthentication" crap="1" count="4"/>
        <line num="55" type="stmt" count="4"/>
        <line num="56" type="stmt" count="4"/>
        <line num="59" type="method" name="setForm" crap="1" count="2"/>
        <line num="60" type="stmt" count="2"/>
        <line num="61" type="stmt" count="2"/>
        <line num="68" type="method" name="getForm" crap="2" count="2"/>
        <line num="69" type="stmt" count="2"/>
        <line num="70" type="stmt" count="2"/>
        <line num="71" type="stmt" count="2"/>
        <line num="72" type="stmt" count="2"/>
        <line num="73" type="stmt" count="2"/>
        <line num="74" type="stmt" count="2"/>
        <line num="77" type="method" name="login" crap="6" count="0"/>
        <line num="78" type="stmt" count="0"/>
        <line num="79" type="stmt" count="0"/>
        <line num="81" type="stmt" count="0"/>
        <line num="83" type="stmt" count="0"/>
        <line num="85" type="stmt" count="0"/>
        <line num="87" type="method" name="save" crap="42" count="0"/>
        <line num="88" type="stmt" count="0"/>
        <line num="89" type="stmt" count="0"/>
        <line num="91" type="stmt" count="0"/>
        <line num="92" type="stmt" count="0"/>
        <line num="93" type="stmt" count="0"/>
        <line num="94" type="stmt" count="0"/>
        <line num="97" type="stmt" count="0"/>
        <line num="99" type="stmt" count="0"/>
        <line num="100" type="stmt" count="0"/>
        <line num="101" type="stmt" count="0"/>
        <line num="102" type="stmt" count="0"/>
        <line num="103" type="stmt" count="0"/>
        <line num="104" type="stmt" count="0"/>
        <line num="105" type="stmt" count="0"/>
        <line num="106" type="stmt" count="0"/>
        <line num="109" type="stmt" count="0"/>
        <line num="110" type="stmt" count="0"/>
        <line num="111" type="stmt" count="0"/>
        <line num="112" type="stmt" count="0"/>
        <line num="114" type="stmt" count="0"/>
        <line num="115" type="stmt" count="0"/>
        <line num="116" type="stmt" count="0"/>
        <line num="117" type="stmt" count="0"/>
        <line num="120" type="stmt" count="0"/>
        <line num="121" type="stmt" count="0"/>
        <line num="124" type="method" name="createSalt" crap="2" count="0"/>
        <line num="125" type="stmt" count="0"/>
        <line num="128" type="method" name="getEventManager" crap="1" count="2"/>
        <line num="129" type="stmt" count="2"/>
        <line num="132" type="method" name="setEventManager" crap="1" count="2"/>
        <line num="133" type="stmt" count="2"/>
        <line num="134" type="stmt" count="2"/>
        <line num="135" type="stmt" count="2"/>
        <metrics loc="137" ncloc="117" classes="1" methods="12" coveredmethods="9" conditionals="0" coveredconditionals="0" statements="52" coveredstatements="21" elements="64" coveredelements="30"/>
      </file>
      <file name="C:/xampp/htdocs/ts3min/module/User/src/User/Service/UserServiceFactory.php">
        <class name="UserServiceFactory" namespace="User\Service">
          <metrics methods="1" coveredmethods="1" conditionals="0" coveredconditionals="0" statements="4" coveredstatements="4" elements="5" coveredelements="5"/>
        </class>
        <line num="19" type="method" name="createService" crap="1" count="2"/>
        <line num="20" type="stmt" count="2"/>
        <line num="21" type="stmt" count="2"/>
        <line num="22" type="stmt" count="2"/>
        <line num="23" type="stmt" count="2"/>
        <metrics loc="26" ncloc="18" classes="1" methods="1" coveredmethods="1" conditionals="0" coveredconditionals="0" statements="4" coveredstatements="4" elements="5" coveredelements="5"/>
      </file>
    </package>
    <file name="C:/xampp/htdocs/ts3min/module/User/src/User/Service/UserServiceInterface.php">
      <metrics loc="17" ncloc="17" classes="0" methods="0" coveredmethods="0" conditionals="0" coveredconditionals="0" statements="0" coveredstatements="0" elements="0" coveredelements="0"/>
    </file>
    <file name="C:/xampp/htdocs/ts3min/module/User/view/user/user/login.phtml">
      <line num="9" type="stmt" count="2"/>
      <line num="10" type="stmt" count="2"/>
      <line num="11" type="stmt" count="2"/>
      <line num="12" type="stmt" count="2"/>
      <line num="13" type="stmt" count="2"/>
      <line num="18" type="stmt" count="2"/>
      <metrics loc="17" ncloc="17" classes="0" methods="0" coveredmethods="0" conditionals="0" coveredconditionals="0" statements="5" coveredstatements="5" elements="5" coveredelements="5"/>
    </file>
    <package name="tests">
      <file name="C:/xampp/htdocs/ts3min/tests/Bootstrap.php">
        <class name="Bootstrap" namespace="tests">
          <metrics methods="0" coveredmethods="0" conditionals="0" coveredconditionals="0" statements="0" coveredstatements="0" elements="0" coveredelements="0"/>
        </class>
        <metrics loc="87" ncloc="84" classes="1" methods="0" coveredmethods="0" conditionals="0" coveredconditionals="0" statements="0" coveredstatements="0" elements="0" coveredelements="0"/>
      </file>
    </package>
    <metrics files="35" loc="2092" ncloc="1683" classes="22" methods="108" coveredmethods="94" conditionals="0" coveredconditionals="0" statements="655" coveredstatements="551" elements="763" coveredelements="645"/>
  </project>
</coverage>
